# JRE version: Java(TM) SE Runtime Environment (21.0.6+8) (build 21.0.6+8-LTS-188)
# Java VM: Java HotSpot(TM) 64-Bit Server VM (21.0.6+8-LTS-188, mixed mode, sharing, tiered, compressed oops, compressed class ptrs, g1 gc, windows-amd64)
GC Precious Log:
 CardTable entry size: 512
 Card Set container configuration: InlinePtr #cards 5 size 8 Array Of Cards #cards 12 size 40 Howl #buckets 4 coarsen threshold 1843 Howl Bitmap #cards 512 size 80 coarsen threshold 460 Card regions per heap region 1 cards per card region 2048
 CPUs: 16 total, 16 available
 Memory: 14173M
 Large Page Support: Disabled
 NUMA Support: Disabled
 Compressed Oops: Enabled (32-bit)
 Heap Region Size: 1M
 Heap Min Capacity: 8M
 Heap Initial Capacity: 222M
 Heap Max Capacity: 2G
 Pre-touch: Disabled
 Parallel Workers: 13
 Concurrent Workers: 3
 Concurrent Refinement Workers: 13
 Periodic GC: Disabled
Heap:
 garbage-first heap   total 109568K, used 92250K [0x0000000080000000, 0x0000000100000000)
  region size 1024K, 46 young (47104K), 7 survivors (7168K)
 Metaspace       used 60657K, committed 62592K, reserved 1114112K
  class space    used 8423K, committed 9408K, reserved 1048576K
GC Heap History (20 events):
Event: 3.092 GC heap before
{Heap before GC invocations=3 (full 0):
 garbage-first heap   total 227328K, used 102888K [0x0000000080000000, 0x0000000100000000)
  region size 1024K, 90 young (92160K), 6 survivors (6144K)
 Metaspace       used 20858K, committed 21504K, reserved 1114112K
  class space    used 2960K, committed 3264K, reserved 1048576K
}
Event: 3.101 GC heap after
{Heap after GC invocations=4 (full 0):
 garbage-first heap   total 227328K, used 24024K [0x0000000080000000, 0x0000000100000000)
  region size 1024K, 12 young (12288K), 12 survivors (12288K)
 Metaspace       used 20858K, committed 21504K, reserved 1114112K
  class space    used 2960K, committed 3264K, reserved 1048576K
}
Event: 4.316 GC heap before
{Heap before GC invocations=5 (full 0):
 garbage-first heap   total 89088K, used 87512K [0x0000000080000000, 0x0000000100000000)
  region size 1024K, 75 young (76800K), 12 survivors (12288K)
 Metaspace       used 29196K, committed 30208K, reserved 1114112K
  class space    used 4227K, committed 4736K, reserved 1048576K
}
Event: 4.325 GC heap after
{Heap after GC invocations=6 (full 0):
 garbage-first heap   total 107520K, used 29595K [0x0000000080000000, 0x0000000100000000)
  region size 1024K, 12 young (12288K), 12 survivors (12288K)
 Metaspace       used 29196K, committed 30208K, reserved 1114112K
  class space    used 4227K, committed 4736K, reserved 1048576K
}
Event: 4.937 GC heap before
{Heap before GC invocations=6 (full 0):
 garbage-first heap   total 107520K, used 57243K [0x0000000080000000, 0x0000000100000000)
  region size 1024K, 41 young (41984K), 12 survivors (12288K)
 Metaspace       used 34956K, committed 35968K, reserved 1114112K
  class space    used 4882K, committed 5376K, reserved 1048576K
}
Event: 4.945 GC heap after
{Heap after GC invocations=7 (full 0):
 garbage-first heap   total 107520K, used 32241K [0x0000000080000000, 0x0000000100000000)
  region size 1024K, 4 young (4096K), 4 survivors (4096K)
 Metaspace       used 34956K, committed 35968K, reserved 1114112K
  class space    used 4882K, committed 5376K, reserved 1048576K
}
Event: 4.966 GC heap before
{Heap before GC invocations=7 (full 0):
 garbage-first heap   total 107520K, used 32241K [0x0000000080000000, 0x0000000100000000)
  region size 1024K, 5 young (5120K), 4 survivors (4096K)
 Metaspace       used 35229K, committed 36288K, reserved 1114112K
  class space    used 4911K, committed 5504K, reserved 1048576K
}
Event: 4.969 GC heap after
{Heap after GC invocations=8 (full 0):
 garbage-first heap   total 107520K, used 31784K [0x0000000080000000, 0x0000000100000000)
  region size 1024K, 4 young (4096K), 4 survivors (4096K)
 Metaspace       used 35229K, committed 36288K, reserved 1114112K
  class space    used 4911K, committed 5504K, reserved 1048576K
}
Event: 6.024 GC heap before
{Heap before GC invocations=9 (full 0):
 garbage-first heap   total 107520K, used 97320K [0x0000000080000000, 0x0000000100000000)
  region size 1024K, 62 young (63488K), 4 survivors (4096K)
 Metaspace       used 40410K, committed 41664K, reserved 1114112K
  class space    used 5442K, committed 6080K, reserved 1048576K
}
Event: 6.029 GC heap after
{Heap after GC invocations=10 (full 0):
 garbage-first heap   total 109568K, used 39384K [0x0000000080000000, 0x0000000100000000)
  region size 1024K, 8 young (8192K), 8 survivors (8192K)
 Metaspace       used 40410K, committed 41664K, reserved 1114112K
  class space    used 5442K, committed 6080K, reserved 1048576K
}
Event: 6.518 GC heap before
{Heap before GC invocations=10 (full 0):
 garbage-first heap   total 109568K, used 92632K [0x0000000080000000, 0x0000000100000000)
  region size 1024K, 60 young (61440K), 8 survivors (8192K)
 Metaspace       used 43616K, committed 45120K, reserved 1114112K
  class space    used 5950K, committed 6720K, reserved 1048576K
}
Event: 6.523 GC heap after
{Heap after GC invocations=11 (full 0):
 garbage-first heap   total 109568K, used 41358K [0x0000000080000000, 0x0000000100000000)
  region size 1024K, 3 young (3072K), 3 survivors (3072K)
 Metaspace       used 43616K, committed 45120K, reserved 1114112K
  class space    used 5950K, committed 6720K, reserved 1048576K
}
Event: 8.547 GC heap before
{Heap before GC invocations=11 (full 0):
 garbage-first heap   total 109568K, used 94606K [0x0000000080000000, 0x0000000100000000)
  region size 1024K, 55 young (56320K), 3 survivors (3072K)
 Metaspace       used 50324K, committed 52096K, reserved 1114112K
  class space    used 6957K, committed 7808K, reserved 1048576K
}
Event: 8.550 GC heap after
{Heap after GC invocations=12 (full 0):
 garbage-first heap   total 109568K, used 42960K [0x0000000080000000, 0x0000000100000000)
  region size 1024K, 5 young (5120K), 5 survivors (5120K)
 Metaspace       used 50324K, committed 52096K, reserved 1114112K
  class space    used 6957K, committed 7808K, reserved 1048576K
}
Event: 11.616 GC heap before
{Heap before GC invocations=12 (full 0):
 garbage-first heap   total 109568K, used 95184K [0x0000000080000000, 0x0000000100000000)
  region size 1024K, 57 young (58368K), 5 survivors (5120K)
 Metaspace       used 56261K, committed 58176K, reserved 1114112K
  class space    used 7833K, committed 8768K, reserved 1048576K
}
Event: 11.621 GC heap after
{Heap after GC invocations=13 (full 0):
 garbage-first heap   total 109568K, used 46706K [0x0000000080000000, 0x0000000100000000)
  region size 1024K, 6 young (6144K), 6 survivors (6144K)
 Metaspace       used 56261K, committed 58176K, reserved 1114112K
  class space    used 7833K, committed 8768K, reserved 1048576K
}
Event: 12.159 GC heap before
{Heap before GC invocations=13 (full 0):
 garbage-first heap   total 109568K, used 74354K [0x0000000080000000, 0x0000000100000000)
  region size 1024K, 34 young (34816K), 6 survivors (6144K)
 Metaspace       used 58844K, committed 60736K, reserved 1114112K
  class space    used 8233K, committed 9216K, reserved 1048576K
}
Event: 12.163 GC heap after
{Heap after GC invocations=14 (full 0):
 garbage-first heap   total 109568K, used 48420K [0x0000000080000000, 0x0000000100000000)
  region size 1024K, 6 young (6144K), 6 survivors (6144K)
 Metaspace       used 58844K, committed 60736K, reserved 1114112K
  class space    used 8233K, committed 9216K, reserved 1048576K
}
Event: 12.956 GC heap before
{Heap before GC invocations=15 (full 0):
 garbage-first heap   total 109568K, used 95524K [0x0000000080000000, 0x0000000100000000)
  region size 1024K, 53 young (54272K), 6 survivors (6144K)
 Metaspace       used 60291K, committed 62208K, reserved 1114112K
  class space    used 8398K, committed 9344K, reserved 1048576K
}
Event: 12.964 GC heap after
{Heap after GC invocations=16 (full 0):
 garbage-first heap   total 109568K, used 54362K [0x0000000080000000, 0x0000000100000000)
  region size 1024K, 7 young (7168K), 7 survivors (7168K)
 Metaspace       used 60291K, committed 62208K, reserved 1114112K
  class space    used 8398K, committed 9344K, reserved 1048576K
}

