# JRE version: Java(TM) SE Runtime Environment (21.0.6+8) (build 21.0.6+8-LTS-188)
# Java VM: Java HotSpot(TM) 64-Bit Server VM (21.0.6+8-LTS-188, mixed mode, sharing, tiered, compressed oops, compressed class ptrs, g1 gc, windows-amd64)
GC Precious Log:
 CardTable entry size: 512
 Card Set container configuration: InlinePtr #cards 5 size 8 Array Of Cards #cards 12 size 40 Howl #buckets 4 coarsen threshold 1843 Howl Bitmap #cards 512 size 80 coarsen threshold 460 Card regions per heap region 1 cards per card region 2048
 CPUs: 16 total, 16 available
 Memory: 14173M
 Large Page Support: Disabled
 NUMA Support: Disabled
 Compressed Oops: Enabled (32-bit)
 Heap Region Size: 1M
 Heap Min Capacity: 8M
 Heap Initial Capacity: 222M
 Heap Max Capacity: 2G
 Pre-touch: Disabled
 Parallel Workers: 13
 Concurrent Workers: 3
 Concurrent Refinement Workers: 13
 Periodic GC: Disabled
Heap:
 garbage-first heap   total 128000K, used 75826K [0x0000000080000000, 0x0000000100000000)
  region size 1024K, 17 young (17408K), 5 survivors (5120K)
 Metaspace       used 67232K, committed 69056K, reserved 1114112K
  class space    used 9285K, committed 10176K, reserved 1048576K
GC Heap History (20 events):
Event: 9.673 GC heap before
{Heap before GC invocations=11 (full 0):
 garbage-first heap   total 106496K, used 91627K [0x0000000080000000, 0x0000000100000000)
  region size 1024K, 54 young (55296K), 5 survivors (5120K)
 Metaspace       used 40962K, committed 42112K, reserved 1114112K
  class space    used 5658K, committed 6208K, reserved 1048576K
}
Event: 9.679 GC heap after
{Heap after GC invocations=12 (full 0):
 garbage-first heap   total 106496K, used 43264K [0x0000000080000000, 0x0000000100000000)
  region size 1024K, 3 young (3072K), 3 survivors (3072K)
 Metaspace       used 40962K, committed 42112K, reserved 1114112K
  class space    used 5658K, committed 6208K, reserved 1048576K
}
Event: 10.983 GC heap before
{Heap before GC invocations=12 (full 0):
 garbage-first heap   total 106496K, used 93440K [0x0000000080000000, 0x0000000100000000)
  region size 1024K, 52 young (53248K), 3 survivors (3072K)
 Metaspace       used 45300K, committed 46464K, reserved 1114112K
  class space    used 6116K, committed 6720K, reserved 1048576K
}
Event: 10.989 GC heap after
{Heap after GC invocations=13 (full 0):
 garbage-first heap   total 106496K, used 47670K [0x0000000080000000, 0x0000000100000000)
  region size 1024K, 7 young (7168K), 7 survivors (7168K)
 Metaspace       used 45300K, committed 46464K, reserved 1114112K
  class space    used 6116K, committed 6720K, reserved 1048576K
}
Event: 11.575 GC heap before
{Heap before GC invocations=13 (full 0):
 garbage-first heap   total 106496K, used 93750K [0x0000000080000000, 0x0000000100000000)
  region size 1024K, 51 young (52224K), 7 survivors (7168K)
 Metaspace       used 48451K, committed 49856K, reserved 1114112K
  class space    used 6494K, committed 7168K, reserved 1048576K
}
Event: 11.580 GC heap after
{Heap after GC invocations=14 (full 0):
 garbage-first heap   total 106496K, used 49621K [0x0000000080000000, 0x0000000100000000)
  region size 1024K, 3 young (3072K), 3 survivors (3072K)
 Metaspace       used 48451K, committed 49856K, reserved 1114112K
  class space    used 6494K, committed 7168K, reserved 1048576K
}
Event: 12.537 GC heap before
{Heap before GC invocations=14 (full 0):
 garbage-first heap   total 106496K, used 93653K [0x0000000080000000, 0x0000000100000000)
  region size 1024K, 46 young (47104K), 3 survivors (3072K)
 Metaspace       used 53371K, committed 55104K, reserved 1114112K
  class space    used 7318K, committed 8192K, reserved 1048576K
}
Event: 12.543 GC heap after
{Heap after GC invocations=15 (full 0):
 garbage-first heap   total 106496K, used 51636K [0x0000000080000000, 0x0000000100000000)
  region size 1024K, 5 young (5120K), 5 survivors (5120K)
 Metaspace       used 53371K, committed 55104K, reserved 1114112K
  class space    used 7318K, committed 8192K, reserved 1048576K
}
Event: 13.449 GC heap before
{Heap before GC invocations=16 (full 0):
 garbage-first heap   total 106496K, used 93620K [0x0000000080000000, 0x0000000100000000)
  region size 1024K, 46 young (47104K), 5 survivors (5120K)
 Metaspace       used 58590K, committed 60352K, reserved 1114112K
  class space    used 8057K, committed 8960K, reserved 1048576K
}
Event: 13.454 GC heap after
{Heap after GC invocations=17 (full 0):
 garbage-first heap   total 106496K, used 53470K [0x0000000080000000, 0x0000000100000000)
  region size 1024K, 4 young (4096K), 4 survivors (4096K)
 Metaspace       used 58590K, committed 60352K, reserved 1114112K
  class space    used 8057K, committed 8960K, reserved 1048576K
}
Event: 14.107 GC heap before
{Heap before GC invocations=17 (full 0):
 garbage-first heap   total 106496K, used 95454K [0x0000000080000000, 0x0000000100000000)
  region size 1024K, 45 young (46080K), 4 survivors (4096K)
 Metaspace       used 62997K, committed 64832K, reserved 1114112K
  class space    used 8731K, committed 9664K, reserved 1048576K
}
Event: 14.112 GC heap after
{Heap after GC invocations=18 (full 0):
 garbage-first heap   total 106496K, used 55481K [0x0000000080000000, 0x0000000100000000)
  region size 1024K, 5 young (5120K), 5 survivors (5120K)
 Metaspace       used 62997K, committed 64832K, reserved 1114112K
  class space    used 8731K, committed 9664K, reserved 1048576K
}
Event: 15.521 GC heap before
{Heap before GC invocations=18 (full 0):
 garbage-first heap   total 106496K, used 94393K [0x0000000080000000, 0x0000000100000000)
  region size 1024K, 43 young (44032K), 5 survivors (5120K)
 Metaspace       used 65873K, committed 67712K, reserved 1114112K
  class space    used 9142K, committed 10048K, reserved 1048576K
}
Event: 15.529 GC heap after
{Heap after GC invocations=19 (full 0):
 garbage-first heap   total 106496K, used 59770K [0x0000000080000000, 0x0000000100000000)
  region size 1024K, 6 young (6144K), 6 survivors (6144K)
 Metaspace       used 65873K, committed 67712K, reserved 1114112K
  class space    used 9142K, committed 10048K, reserved 1048576K
}
Event: 15.953 GC heap before
{Heap before GC invocations=20 (full 0):
 garbage-first heap   total 106496K, used 92538K [0x0000000080000000, 0x0000000100000000)
  region size 1024K, 39 young (39936K), 6 survivors (6144K)
 Metaspace       used 66725K, committed 68544K, reserved 1114112K
  class space    used 9257K, committed 10176K, reserved 1048576K
}
Event: 15.961 GC heap after
{Heap after GC invocations=21 (full 0):
 garbage-first heap   total 128000K, used 64517K [0x0000000080000000, 0x0000000100000000)
  region size 1024K, 5 young (5120K), 5 survivors (5120K)
 Metaspace       used 66725K, committed 68544K, reserved 1114112K
  class space    used 9257K, committed 10176K, reserved 1048576K
}
Event: 16.504 GC heap before
{Heap before GC invocations=21 (full 0):
 garbage-first heap   total 128000K, used 111621K [0x0000000080000000, 0x0000000100000000)
  region size 1024K, 52 young (53248K), 5 survivors (5120K)
 Metaspace       used 67182K, committed 68992K, reserved 1114112K
  class space    used 9283K, committed 10176K, reserved 1048576K
}
Event: 16.511 GC heap after
{Heap after GC invocations=22 (full 0):
 garbage-first heap   total 128000K, used 64811K [0x0000000080000000, 0x0000000100000000)
  region size 1024K, 4 young (4096K), 4 survivors (4096K)
 Metaspace       used 67182K, committed 68992K, reserved 1114112K
  class space    used 9283K, committed 10176K, reserved 1048576K
}
Event: 16.778 GC heap before
{Heap before GC invocations=22 (full 0):
 garbage-first heap   total 128000K, used 111915K [0x0000000080000000, 0x0000000100000000)
  region size 1024K, 51 young (52224K), 4 survivors (4096K)
 Metaspace       used 67220K, committed 69056K, reserved 1114112K
  class space    used 9283K, committed 10176K, reserved 1048576K
}
Event: 16.783 GC heap after
{Heap after GC invocations=23 (full 0):
 garbage-first heap   total 128000K, used 65586K [0x0000000080000000, 0x0000000100000000)
  region size 1024K, 5 young (5120K), 5 survivors (5120K)
 Metaspace       used 67220K, committed 69056K, reserved 1114112K
  class space    used 9283K, committed 10176K, reserved 1048576K
}

