# JRE version: OpenJDK Runtime Environment (21.0.9) (build 21.0.9+-14649483-b1163.86)
# Java VM: OpenJDK 64-Bit Server VM (21.0.9+-14649483-b1163.86, mixed mode, tiered, compressed oops, compressed class ptrs, g1 gc, windows-amd64)
GC Precious Log:
 CardTable entry size: 512
 Card Set container configuration: InlinePtr #cards 5 size 8 Array Of Cards #cards 12 size 40 Howl #buckets 4 coarsen threshold 1843 Howl Bitmap #cards 512 size 80 coarsen threshold 460 Card regions per heap region 1 cards per card region 2048
 CPUs: 16 total, 16 available
 Memory: 14173M
 Large Page Support: Disabled
 NUMA Support: Disabled
 Compressed Oops: Enabled (32-bit)
 Heap Region Size: 1M
 Heap Min Capacity: 8M
 Heap Initial Capacity: 222M
 Heap Max Capacity: 2G
 Pre-touch: Disabled
 Parallel Workers: 13
 Concurrent Workers: 3
 Concurrent Refinement Workers: 13
 Periodic GC: Disabled
Heap:
 garbage-first heap   total 293888K, used 261470K [0x0000000080000000, 0x0000000100000000)
  region size 1024K, 71 young (72704K), 2 survivors (2048K)
 Metaspace       used 164833K, committed 167296K, reserved 1245184K
  class space    used 23085K, committed 24320K, reserved 1048576K
GC Heap History (20 events):
Event: 35.192 GC heap before
{Heap before GC invocations=58 (full 0):
 garbage-first heap   total 254976K, used 229149K [0x0000000080000000, 0x0000000100000000)
  region size 1024K, 81 young (82944K), 5 survivors (5120K)
 Metaspace       used 151143K, committed 153664K, reserved 1245184K
  class space    used 21632K, committed 22848K, reserved 1048576K
}
Event: 35.197 GC heap after
{Heap after GC invocations=59 (full 0):
 garbage-first heap   total 254976K, used 152698K [0x0000000080000000, 0x0000000100000000)
  region size 1024K, 6 young (6144K), 6 survivors (6144K)
 Metaspace       used 151143K, committed 153664K, reserved 1245184K
  class space    used 21632K, committed 22848K, reserved 1048576K
}
Event: 36.141 GC heap before
{Heap before GC invocations=59 (full 0):
 garbage-first heap   total 254976K, used 238714K [0x0000000080000000, 0x0000000100000000)
  region size 1024K, 91 young (93184K), 6 survivors (6144K)
 Metaspace       used 153962K, committed 156416K, reserved 1245184K
  class space    used 22063K, committed 23232K, reserved 1048576K
}
Event: 36.148 GC heap after
{Heap after GC invocations=60 (full 0):
 garbage-first heap   total 254976K, used 155932K [0x0000000080000000, 0x0000000100000000)
  region size 1024K, 10 young (10240K), 10 survivors (10240K)
 Metaspace       used 153962K, committed 156416K, reserved 1245184K
  class space    used 22063K, committed 23232K, reserved 1048576K
}
Event: 37.786 GC heap before
{Heap before GC invocations=60 (full 0):
 garbage-first heap   total 254976K, used 237852K [0x0000000080000000, 0x0000000100000000)
  region size 1024K, 91 young (93184K), 10 survivors (10240K)
 Metaspace       used 154700K, committed 157184K, reserved 1245184K
  class space    used 22169K, committed 23360K, reserved 1048576K
}
Event: 37.793 GC heap after
{Heap after GC invocations=61 (full 0):
 garbage-first heap   total 254976K, used 156477K [0x0000000080000000, 0x0000000100000000)
  region size 1024K, 7 young (7168K), 7 survivors (7168K)
 Metaspace       used 154700K, committed 157184K, reserved 1245184K
  class space    used 22169K, committed 23360K, reserved 1048576K
}
Event: 38.489 GC heap before
{Heap before GC invocations=62 (full 0):
 garbage-first heap   total 261120K, used 259901K [0x0000000080000000, 0x0000000100000000)
  region size 1024K, 35 young (35840K), 7 survivors (7168K)
 Metaspace       used 157294K, committed 159808K, reserved 1245184K
  class space    used 22530K, committed 23744K, reserved 1048576K
}
Event: 38.495 GC heap after
{Heap after GC invocations=63 (full 0):
 garbage-first heap   total 270336K, used 158186K [0x0000000080000000, 0x0000000100000000)
  region size 1024K, 9 young (9216K), 9 survivors (9216K)
 Metaspace       used 157294K, committed 159808K, reserved 1245184K
  class space    used 22530K, committed 23744K, reserved 1048576K
}
Event: 564.763 GC heap before
{Heap before GC invocations=63 (full 0):
 garbage-first heap   total 270336K, used 241130K [0x0000000080000000, 0x0000000100000000)
  region size 1024K, 91 young (93184K), 9 survivors (9216K)
 Metaspace       used 163451K, committed 166016K, reserved 1245184K
  class space    used 23060K, committed 24320K, reserved 1048576K
}
Event: 564.769 GC heap after
{Heap after GC invocations=64 (full 0):
 garbage-first heap   total 270336K, used 156552K [0x0000000080000000, 0x0000000100000000)
  region size 1024K, 6 young (6144K), 6 survivors (6144K)
 Metaspace       used 163451K, committed 166016K, reserved 1245184K
  class space    used 23060K, committed 24320K, reserved 1048576K
}
Event: 565.582 GC heap before
{Heap before GC invocations=64 (full 0):
 garbage-first heap   total 270336K, used 244616K [0x0000000080000000, 0x0000000100000000)
  region size 1024K, 92 young (94208K), 6 survivors (6144K)
 Metaspace       used 163966K, committed 166528K, reserved 1245184K
  class space    used 23065K, committed 24320K, reserved 1048576K
}
Event: 565.590 GC heap after
{Heap after GC invocations=65 (full 0):
 garbage-first heap   total 270336K, used 163532K [0x0000000080000000, 0x0000000100000000)
  region size 1024K, 12 young (12288K), 12 survivors (12288K)
 Metaspace       used 163966K, committed 166528K, reserved 1245184K
  class space    used 23065K, committed 24320K, reserved 1048576K
}
Event: 568.606 GC heap before
{Heap before GC invocations=66 (full 0):
 garbage-first heap   total 273408K, used 245452K [0x0000000080000000, 0x0000000100000000)
  region size 1024K, 93 young (95232K), 12 survivors (12288K)
 Metaspace       used 164092K, committed 166656K, reserved 1245184K
  class space    used 23047K, committed 24320K, reserved 1048576K
}
Event: 568.618 GC heap after
{Heap after GC invocations=67 (full 0):
 garbage-first heap   total 273408K, used 174216K [0x0000000080000000, 0x0000000100000000)
  region size 1024K, 11 young (11264K), 11 survivors (11264K)
 Metaspace       used 164092K, committed 166656K, reserved 1245184K
  class space    used 23047K, committed 24320K, reserved 1048576K
}
Event: 568.734 GC heap before
{Heap before GC invocations=67 (full 0):
 garbage-first heap   total 273408K, used 248968K [0x0000000080000000, 0x0000000100000000)
  region size 1024K, 85 young (87040K), 11 survivors (11264K)
 Metaspace       used 164250K, committed 166784K, reserved 1245184K
  class space    used 23050K, committed 24320K, reserved 1048576K
}
Event: 568.741 GC heap after
{Heap after GC invocations=68 (full 0):
 garbage-first heap   total 273408K, used 173964K [0x0000000080000000, 0x0000000100000000)
  region size 1024K, 4 young (4096K), 4 survivors (4096K)
 Metaspace       used 164250K, committed 166784K, reserved 1245184K
  class space    used 23050K, committed 24320K, reserved 1048576K
}
Event: 569.023 GC heap before
{Heap before GC invocations=68 (full 0):
 garbage-first heap   total 273408K, used 250764K [0x0000000080000000, 0x0000000100000000)
  region size 1024K, 80 young (81920K), 4 survivors (4096K)
 Metaspace       used 164440K, committed 166976K, reserved 1245184K
  class space    used 23051K, committed 24320K, reserved 1048576K
}
Event: 569.027 GC heap after
{Heap after GC invocations=69 (full 0):
 garbage-first heap   total 273408K, used 174957K [0x0000000080000000, 0x0000000100000000)
  region size 1024K, 5 young (5120K), 5 survivors (5120K)
 Metaspace       used 164440K, committed 166976K, reserved 1245184K
  class space    used 23051K, committed 24320K, reserved 1048576K
}
Event: 569.876 GC heap before
{Heap before GC invocations=70 (full 0):
 garbage-first heap   total 293888K, used 252781K [0x0000000080000000, 0x0000000100000000)
  region size 1024K, 82 young (83968K), 5 survivors (5120K)
 Metaspace       used 164561K, committed 167040K, reserved 1245184K
  class space    used 23056K, committed 24320K, reserved 1048576K
}
Event: 569.878 GC heap after
{Heap after GC invocations=71 (full 0):
 garbage-first heap   total 293888K, used 172382K [0x0000000080000000, 0x0000000100000000)
  region size 1024K, 2 young (2048K), 2 survivors (2048K)
 Metaspace       used 164561K, committed 167040K, reserved 1245184K
  class space    used 23056K, committed 24320K, reserved 1048576K
}

