# JRE version: Java(TM) SE Runtime Environment (21.0.6+8) (build 21.0.6+8-LTS-188)
# Java VM: Java HotSpot(TM) 64-Bit Server VM (21.0.6+8-LTS-188, mixed mode, sharing, tiered, compressed oops, compressed class ptrs, g1 gc, windows-amd64)
GC Precious Log:
 CardTable entry size: 512
 Card Set container configuration: InlinePtr #cards 5 size 8 Array Of Cards #cards 12 size 40 Howl #buckets 4 coarsen threshold 1843 Howl Bitmap #cards 512 size 80 coarsen threshold 460 Card regions per heap region 1 cards per card region 2048
 CPUs: 16 total, 16 available
 Memory: 14173M
 Large Page Support: Disabled
 NUMA Support: Disabled
 Compressed Oops: Enabled (32-bit)
 Heap Region Size: 1M
 Heap Min Capacity: 8M
 Heap Initial Capacity: 222M
 Heap Max Capacity: 2G
 Pre-touch: Disabled
 Parallel Workers: 13
 Concurrent Workers: 3
 Concurrent Refinement Workers: 13
 Periodic GC: Disabled
Heap:
 garbage-first heap   total 106496K, used 54340K [0x0000000080000000, 0x0000000100000000)
  region size 1024K, 20 young (20480K), 7 survivors (7168K)
 Metaspace       used 54744K, committed 56576K, reserved 1114112K
  class space    used 7710K, committed 8640K, reserved 1048576K
GC Heap History (20 events):
Event: 0.645 GC heap before
{Heap before GC invocations=0 (full 0):
 garbage-first heap   total 227328K, used 22528K [0x0000000080000000, 0x0000000100000000)
  region size 1024K, 23 young (23552K), 0 survivors (0K)
 Metaspace       used 1076K, committed 1216K, reserved 1114112K
  class space    used 76K, committed 128K, reserved 1048576K
}
Event: 0.647 GC heap after
{Heap after GC invocations=1 (full 0):
 garbage-first heap   total 227328K, used 2380K [0x0000000080000000, 0x0000000100000000)
  region size 1024K, 3 young (3072K), 3 survivors (3072K)
 Metaspace       used 1076K, committed 1216K, reserved 1114112K
  class space    used 76K, committed 128K, reserved 1048576K
}
Event: 1.609 GC heap before
{Heap before GC invocations=1 (full 0):
 garbage-first heap   total 227328K, used 41292K [0x0000000080000000, 0x0000000100000000)
  region size 1024K, 39 young (39936K), 3 survivors (3072K)
 Metaspace       used 4504K, committed 4736K, reserved 1114112K
  class space    used 544K, committed 640K, reserved 1048576K
}
Event: 1.612 GC heap after
{Heap after GC invocations=2 (full 0):
 garbage-first heap   total 227328K, used 11328K [0x0000000080000000, 0x0000000100000000)
  region size 1024K, 5 young (5120K), 5 survivors (5120K)
 Metaspace       used 4504K, committed 4736K, reserved 1114112K
  class space    used 544K, committed 640K, reserved 1048576K
}
Event: 2.611 GC heap before
{Heap before GC invocations=2 (full 0):
 garbage-first heap   total 227328K, used 62528K [0x0000000080000000, 0x0000000100000000)
  region size 1024K, 54 young (55296K), 5 survivors (5120K)
 Metaspace       used 6661K, committed 6976K, reserved 1114112K
  class space    used 861K, committed 1024K, reserved 1048576K
}
Event: 2.617 GC heap after
{Heap after GC invocations=3 (full 0):
 garbage-first heap   total 227328K, used 18311K [0x0000000080000000, 0x0000000100000000)
  region size 1024K, 6 young (6144K), 6 survivors (6144K)
 Metaspace       used 6661K, committed 6976K, reserved 1114112K
  class space    used 861K, committed 1024K, reserved 1048576K
}
Event: 5.864 GC heap before
{Heap before GC invocations=3 (full 0):
 garbage-first heap   total 227328K, used 99207K [0x0000000080000000, 0x0000000100000000)
  region size 1024K, 86 young (88064K), 6 survivors (6144K)
 Metaspace       used 20864K, committed 21504K, reserved 1114112K
  class space    used 2977K, committed 3328K, reserved 1048576K
}
Event: 5.873 GC heap after
{Heap after GC invocations=4 (full 0):
 garbage-first heap   total 227328K, used 24471K [0x0000000080000000, 0x0000000100000000)
  region size 1024K, 12 young (12288K), 12 survivors (12288K)
 Metaspace       used 20864K, committed 21504K, reserved 1114112K
  class space    used 2977K, committed 3328K, reserved 1048576K
}
Event: 7.476 GC heap before
{Heap before GC invocations=5 (full 0):
 garbage-first heap   total 89088K, used 88983K [0x0000000080000000, 0x0000000100000000)
  region size 1024K, 75 young (76800K), 12 survivors (12288K)
 Metaspace       used 29891K, committed 30912K, reserved 1114112K
  class space    used 4326K, committed 4800K, reserved 1048576K
}
Event: 7.487 GC heap after
{Heap after GC invocations=6 (full 0):
 garbage-first heap   total 106496K, used 29283K [0x0000000080000000, 0x0000000100000000)
  region size 1024K, 11 young (11264K), 11 survivors (11264K)
 Metaspace       used 29891K, committed 30912K, reserved 1114112K
  class space    used 4326K, committed 4800K, reserved 1048576K
}
Event: 8.313 GC heap before
{Heap before GC invocations=6 (full 0):
 garbage-first heap   total 106496K, used 77411K [0x0000000080000000, 0x0000000100000000)
  region size 1024K, 55 young (56320K), 11 survivors (11264K)
 Metaspace       used 35089K, committed 36096K, reserved 1114112K
  class space    used 4868K, committed 5376K, reserved 1048576K
}
Event: 8.320 GC heap after
{Heap after GC invocations=7 (full 0):
 garbage-first heap   total 106496K, used 35425K [0x0000000080000000, 0x0000000100000000)
  region size 1024K, 6 young (6144K), 6 survivors (6144K)
 Metaspace       used 35089K, committed 36096K, reserved 1114112K
  class space    used 4868K, committed 5376K, reserved 1048576K
}
Event: 8.322 GC heap before
{Heap before GC invocations=7 (full 0):
 garbage-first heap   total 106496K, used 35425K [0x0000000080000000, 0x0000000100000000)
  region size 1024K, 7 young (7168K), 6 survivors (6144K)
 Metaspace       used 35408K, committed 36416K, reserved 1114112K
  class space    used 4868K, committed 5376K, reserved 1048576K
}
Event: 8.325 GC heap after
{Heap after GC invocations=8 (full 0):
 garbage-first heap   total 106496K, used 34407K [0x0000000080000000, 0x0000000100000000)
  region size 1024K, 1 young (1024K), 1 survivors (1024K)
 Metaspace       used 35408K, committed 36416K, reserved 1114112K
  class space    used 4868K, committed 5376K, reserved 1048576K
}
Event: 9.163 GC heap before
{Heap before GC invocations=9 (full 0):
 garbage-first heap   total 106496K, used 93799K [0x0000000080000000, 0x0000000100000000)
  region size 1024K, 57 young (58368K), 1 survivors (1024K)
 Metaspace       used 39852K, committed 41088K, reserved 1114112K
  class space    used 5420K, committed 6016K, reserved 1048576K
}
Event: 9.166 GC heap after
{Heap after GC invocations=10 (full 0):
 garbage-first heap   total 106496K, used 35729K [0x0000000080000000, 0x0000000100000000)
  region size 1024K, 4 young (4096K), 4 survivors (4096K)
 Metaspace       used 39852K, committed 41088K, reserved 1114112K
  class space    used 5420K, committed 6016K, reserved 1048576K
}
Event: 10.211 GC heap before
{Heap before GC invocations=10 (full 0):
 garbage-first heap   total 106496K, used 92049K [0x0000000080000000, 0x0000000100000000)
  region size 1024K, 59 young (60416K), 4 survivors (4096K)
 Metaspace       used 46638K, committed 48256K, reserved 1114112K
  class space    used 6505K, committed 7296K, reserved 1048576K
}
Event: 10.215 GC heap after
{Heap after GC invocations=11 (full 0):
 garbage-first heap   total 106496K, used 38128K [0x0000000080000000, 0x0000000100000000)
  region size 1024K, 6 young (6144K), 6 survivors (6144K)
 Metaspace       used 46638K, committed 48256K, reserved 1114112K
  class space    used 6505K, committed 7296K, reserved 1048576K
}
Event: 11.712 GC heap before
{Heap before GC invocations=11 (full 0):
 garbage-first heap   total 106496K, used 93424K [0x0000000080000000, 0x0000000100000000)
  region size 1024K, 60 young (61440K), 6 survivors (6144K)
 Metaspace       used 53381K, committed 55168K, reserved 1114112K
  class space    used 7478K, committed 8384K, reserved 1048576K
}
Event: 11.717 GC heap after
{Heap after GC invocations=12 (full 0):
 garbage-first heap   total 106496K, used 42052K [0x0000000080000000, 0x0000000100000000)
  region size 1024K, 7 young (7168K), 7 survivors (7168K)
 Metaspace       used 53381K, committed 55168K, reserved 1114112K
  class space    used 7478K, committed 8384K, reserved 1048576K
}

