# JRE version: OpenJDK Runtime Environment (21.0.8) (build 21.0.8+-14196175-b1038.72)
# Java VM: OpenJDK 64-Bit Server VM (21.0.8+-14196175-b1038.72, mixed mode, tiered, compressed oops, compressed class ptrs, g1 gc, windows-amd64)
GC Precious Log:
 CardTable entry size: 512
 Card Set container configuration: InlinePtr #cards 5 size 8 Array Of Cards #cards 12 size 40 Howl #buckets 4 coarsen threshold 1843 Howl Bitmap #cards 512 size 80 coarsen threshold 460 Card regions per heap region 1 cards per card region 2048
 CPUs: 16 total, 16 available
 Memory: 14173M
 Large Page Support: Disabled
 NUMA Support: Disabled
 Compressed Oops: Enabled (32-bit)
 Heap Region Size: 1M
 Heap Min Capacity: 8M
 Heap Initial Capacity: 222M
 Heap Max Capacity: 2G
 Pre-touch: Disabled
 Parallel Workers: 13
 Concurrent Workers: 3
 Concurrent Refinement Workers: 13
 Periodic GC: Disabled
Heap:
 garbage-first heap   total 378880K, used 311211K [0x0000000080000000, 0x0000000100000000)
  region size 1024K, 77 young (78848K), 8 survivors (8192K)
 Metaspace       used 183210K, committed 185920K, reserved 1245184K
  class space    used 24090K, committed 25408K, reserved 1048576K
GC Heap History (20 events):
Event: 13.249 GC heap before
{Heap before GC invocations=37 (full 0):
 garbage-first heap   total 266240K, used 244872K [0x0000000080000000, 0x0000000100000000)
  region size 1024K, 78 young (79872K), 6 survivors (6144K)
 Metaspace       used 119914K, committed 122176K, reserved 1179648K
  class space    used 16458K, committed 17536K, reserved 1048576K
}
Event: 13.253 GC heap after
{Heap after GC invocations=38 (full 0):
 garbage-first heap   total 266240K, used 173742K [0x0000000080000000, 0x0000000100000000)
  region size 1024K, 8 young (8192K), 8 survivors (8192K)
 Metaspace       used 119914K, committed 122176K, reserved 1179648K
  class space    used 16458K, committed 17536K, reserved 1048576K
}
Event: 14.100 GC heap before
{Heap before GC invocations=39 (full 0):
 garbage-first heap   total 290816K, used 242350K [0x0000000080000000, 0x0000000100000000)
  region size 1024K, 75 young (76800K), 8 survivors (8192K)
 Metaspace       used 128574K, committed 130880K, reserved 1179648K
  class space    used 17403K, committed 18496K, reserved 1048576K
}
Event: 14.107 GC heap after
{Heap after GC invocations=40 (full 0):
 garbage-first heap   total 290816K, used 178787K [0x0000000080000000, 0x0000000100000000)
  region size 1024K, 9 young (9216K), 9 survivors (9216K)
 Metaspace       used 128574K, committed 130880K, reserved 1179648K
  class space    used 17403K, committed 18496K, reserved 1048576K
}
Event: 15.362 GC heap before
{Heap before GC invocations=40 (full 0):
 garbage-first heap   total 290816K, used 270947K [0x0000000080000000, 0x0000000100000000)
  region size 1024K, 93 young (95232K), 9 survivors (9216K)
 Metaspace       used 138806K, committed 141120K, reserved 1179648K
  class space    used 18442K, committed 19584K, reserved 1048576K
}
Event: 15.368 GC heap after
{Heap after GC invocations=41 (full 0):
 garbage-first heap   total 290816K, used 189281K [0x0000000080000000, 0x0000000100000000)
  region size 1024K, 12 young (12288K), 12 survivors (12288K)
 Metaspace       used 138806K, committed 141120K, reserved 1179648K
  class space    used 18442K, committed 19584K, reserved 1048576K
}
Event: 16.255 GC heap before
{Heap before GC invocations=41 (full 0):
 garbage-first heap   total 290816K, used 261985K [0x0000000080000000, 0x0000000100000000)
  region size 1024K, 83 young (84992K), 12 survivors (12288K)
 Metaspace       used 146442K, committed 148928K, reserved 1179648K
  class space    used 19366K, committed 20544K, reserved 1048576K
}
Event: 16.260 GC heap after
{Heap after GC invocations=42 (full 0):
 garbage-first heap   total 290816K, used 192486K [0x0000000080000000, 0x0000000100000000)
  region size 1024K, 3 young (3072K), 3 survivors (3072K)
 Metaspace       used 146442K, committed 148928K, reserved 1179648K
  class space    used 19366K, committed 20544K, reserved 1048576K
}
Event: 17.120 GC heap before
{Heap before GC invocations=43 (full 0):
 garbage-first heap   total 321536K, used 274406K [0x0000000080000000, 0x0000000100000000)
  region size 1024K, 79 young (80896K), 3 survivors (3072K)
 Metaspace       used 152170K, committed 154624K, reserved 1245184K
  class space    used 20114K, committed 21312K, reserved 1048576K
}
Event: 17.126 GC heap after
{Heap after GC invocations=44 (full 0):
 garbage-first heap   total 321536K, used 199575K [0x0000000080000000, 0x0000000100000000)
  region size 1024K, 9 young (9216K), 9 survivors (9216K)
 Metaspace       used 152170K, committed 154624K, reserved 1245184K
  class space    used 20114K, committed 21312K, reserved 1048576K
}
Event: 18.278 GC heap before
{Heap before GC invocations=44 (full 0):
 garbage-first heap   total 321536K, used 297879K [0x0000000080000000, 0x0000000100000000)
  region size 1024K, 102 young (104448K), 9 survivors (9216K)
 Metaspace       used 159664K, committed 162240K, reserved 1245184K
  class space    used 21183K, committed 22400K, reserved 1048576K
}
Event: 18.285 GC heap after
{Heap after GC invocations=45 (full 0):
 garbage-first heap   total 321536K, used 208869K [0x0000000080000000, 0x0000000100000000)
  region size 1024K, 13 young (13312K), 13 survivors (13312K)
 Metaspace       used 159664K, committed 162240K, reserved 1245184K
  class space    used 21183K, committed 22400K, reserved 1048576K
}
Event: 18.692 GC heap before
{Heap before GC invocations=45 (full 0):
 garbage-first heap   total 321536K, used 290789K [0x0000000080000000, 0x0000000100000000)
  region size 1024K, 93 young (95232K), 13 survivors (13312K)
 Metaspace       used 160135K, committed 162688K, reserved 1245184K
  class space    used 21209K, committed 22464K, reserved 1048576K
}
Event: 18.702 GC heap after
{Heap after GC invocations=46 (full 0):
 garbage-first heap   total 321536K, used 217105K [0x0000000080000000, 0x0000000100000000)
  region size 1024K, 10 young (10240K), 10 survivors (10240K)
 Metaspace       used 160135K, committed 162688K, reserved 1245184K
  class space    used 21209K, committed 22464K, reserved 1048576K
}
Event: 19.405 GC heap before
{Heap before GC invocations=46 (full 0):
 garbage-first heap   total 321536K, used 292881K [0x0000000080000000, 0x0000000100000000)
  region size 1024K, 84 young (86016K), 10 survivors (10240K)
 Metaspace       used 161729K, committed 164224K, reserved 1245184K
  class space    used 21306K, committed 22528K, reserved 1048576K
}
Event: 19.412 GC heap after
{Heap after GC invocations=47 (full 0):
 garbage-first heap   total 321536K, used 226597K [0x0000000080000000, 0x0000000100000000)
  region size 1024K, 10 young (10240K), 10 survivors (10240K)
 Metaspace       used 161729K, committed 164224K, reserved 1245184K
  class space    used 21306K, committed 22528K, reserved 1048576K
}
Event: 20.742 GC heap before
{Heap before GC invocations=48 (full 0):
 garbage-first heap   total 378880K, used 291109K [0x0000000080000000, 0x0000000100000000)
  region size 1024K, 73 young (74752K), 10 survivors (10240K)
 Metaspace       used 167256K, committed 169792K, reserved 1245184K
  class space    used 21797K, committed 23040K, reserved 1048576K
}
Event: 20.748 GC heap after
{Heap after GC invocations=49 (full 0):
 garbage-first heap   total 378880K, used 231375K [0x0000000080000000, 0x0000000100000000)
  region size 1024K, 5 young (5120K), 5 survivors (5120K)
 Metaspace       used 167256K, committed 169792K, reserved 1245184K
  class space    used 21797K, committed 23040K, reserved 1048576K
}
Event: 22.162 GC heap before
{Heap before GC invocations=49 (full 0):
 garbage-first heap   total 378880K, used 339919K [0x0000000080000000, 0x0000000100000000)
  region size 1024K, 111 young (113664K), 5 survivors (5120K)
 Metaspace       used 175099K, committed 177728K, reserved 1245184K
  class space    used 23094K, committed 24384K, reserved 1048576K
}
Event: 22.167 GC heap after
{Heap after GC invocations=50 (full 0):
 garbage-first heap   total 378880K, used 235435K [0x0000000080000000, 0x0000000100000000)
  region size 1024K, 8 young (8192K), 8 survivors (8192K)
 Metaspace       used 175099K, committed 177728K, reserved 1245184K
  class space    used 23094K, committed 24384K, reserved 1048576K
}

